<?xml version="1.0" encoding="UTF-8"?>
<!-- Generated by org.testng.reporters.JUnitReportReporter -->
<testsuite hostname="DESKTOP-P7OORB0" failures="0" tests="2" name="CrossBrowser.TC_001_BMW" time="50.307" errors="0" timestamp="2023-01-10T16:24:08 IST" skipped="0">
  <testcase classname="CrossBrowser.TC_001_BMW" name="BMW" time="18.673"/>
  <system-out>
K 1600 Grand America | BMW Motorrad  </system-out>
  <testcase classname="CrossBrowser.TC_001_BMW" name="BMW" time="31.634"/>
  <system-out>
K 1600 Grand America | BMW Motorrad  </system-out>
</testsuite> <!-- CrossBrowser.TC_001_BMW -->
