<?xml version="1.0" encoding="UTF-8"?>
<!-- Generated by org.testng.reporters.JUnitReportReporter -->
<testsuite hostname="DESKTOP-P7OORB0" failures="0" tests="4" name="WorkingWithTestNG.DemoTestCase" time="34.826" errors="0" timestamp="2023-01-02T16:57:38 IST" skipped="0">
  <testcase classname="WorkingWithTestNG.DemoTestCase" name="createAccount" time="10.744"/>
  <system-out/>
  <testcase classname="WorkingWithTestNG.DemoTestCase" name="deleteAccount" time="15.568"/>
  <system-out/>
  <testcase classname="WorkingWithTestNG.DemoTestCase" name="modifyAccount" time="4.225"/>
  <system-out>
Test  </system-out>
  <testcase classname="WorkingWithTestNG.DemoTestCase" name="updateAccount" time="4.289"/>
  <system-out/>
</testsuite> <!-- WorkingWithTestNG.DemoTestCase -->
