<?xml version="1.0" encoding="UTF-8"?>
<!-- Generated by org.testng.reporters.JUnitReportReporter -->
<testsuite hostname="DESKTOP-P7OORB0" failures="0" tests="2" name="CrossBrowser.TC_004_cars" time="52.192" errors="0" timestamp="2023-01-10T16:24:08 IST" skipped="0">
  <testcase classname="CrossBrowser.TC_004_cars" name="cars" time="34.456"/>
  <system-out>
⁣Porsche Middle East - Dr. Ing. h.c. F. Porsche AG  </system-out>
  <testcase classname="CrossBrowser.TC_004_cars" name="cars" time="17.736"/>
  <system-out>
⁣Porsche Middle East - Dr. Ing. h.c. F. Porsche AG  </system-out>
</testsuite> <!-- CrossBrowser.TC_004_cars -->
