<?xml version="1.0" encoding="UTF-8"?>
<!-- Generated by org.testng.reporters.JUnitReportReporter -->
<testsuite hostname="DESKTOP-P7OORB0" failures="0" tests="4" name="WorkingWithTestNG.TestNgPriority" time="36.510" errors="0" timestamp="2023-01-02T16:24:26 IST" skipped="0">
  <testcase classname="WorkingWithTestNG.TestNgPriority" name="updateAccount" time="4.841"/>
  <system-out/>
  <testcase classname="WorkingWithTestNG.TestNgPriority" name="createAccount" time="12.047"/>
  <system-out/>
  <testcase classname="WorkingWithTestNG.TestNgPriority" name="deleteAccount" time="15.524"/>
  <system-out/>
  <testcase classname="WorkingWithTestNG.TestNgPriority" name="modifyAccount" time="4.098"/>
  <system-out/>
</testsuite> <!-- WorkingWithTestNG.TestNgPriority -->
