<?xml version="1.0" encoding="UTF-8"?>
<!-- Generated by org.testng.reporters.JUnitReportReporter -->
<testsuite hostname="DESKTOP-P7OORB0" failures="0" tests="1" name="GroupTestcaseExecution.TC_001_BMW" time="15.874" errors="0" timestamp="2023-02-10T14:52:32 IST" skipped="0">
  <testcase classname="GroupTestcaseExecution.TC_001_BMW" name="BMW" time="15.874"/>
  <system-out>
BMW K 1600 Grand America Bike Price in India | BMW Motorrad  </system-out>
</testsuite> <!-- GroupTestcaseExecution.TC_001_BMW -->
