<?xml version="1.0" encoding="UTF-8"?>
<!-- Generated by org.testng.reporters.JUnitReportReporter -->
<testsuite hostname="DESKTOP-P7OORB0" failures="0" tests="2" name="CrossBrowser.TC_002_Bugati" time="15.920" errors="0" timestamp="2023-01-10T16:24:08 IST" skipped="0">
  <testcase classname="CrossBrowser.TC_002_Bugati" name="Bugati" time="10.502"/>
  <system-out>
Official BUGATTI Automotive Website  </system-out>
  <testcase classname="CrossBrowser.TC_002_Bugati" name="Bugati" time="5.418"/>
  <system-out>
Official BUGATTI Automotive Website  </system-out>
</testsuite> <!-- CrossBrowser.TC_002_Bugati -->
