<?xml version="1.0" encoding="UTF-8"?>
<!-- Generated by org.testng.reporters.JUnitReportReporter -->
<testsuite hostname="DESKTOP-P7OORB0" failures="0" tests="5" name="CrossBrowser.ToReadDataFromExcel" time="88.591" errors="0" timestamp="2023-01-11T11:27:23 IST" skipped="0">
  <testcase classname="CrossBrowser.ToReadDataFromExcel" name="test" time="9.813"/>
  <system-out/>
  <testcase classname="CrossBrowser.ToReadDataFromExcel" name="test" time="28.093"/>
  <system-out/>
  <testcase classname="CrossBrowser.ToReadDataFromExcel" name="test" time="15.925"/>
  <system-out/>
  <testcase classname="CrossBrowser.ToReadDataFromExcel" name="test" time="15.972"/>
  <system-out/>
  <testcase classname="CrossBrowser.ToReadDataFromExcel" name="test" time="18.788"/>
  <system-out/>
</testsuite> <!-- CrossBrowser.ToReadDataFromExcel -->
