<?xml version="1.0" encoding="UTF-8"?>
<!-- Generated by org.testng.reporters.JUnitReportReporter -->
<testsuite hostname="DESKTOP-P7OORB0" failures="0" tests="5" name="CrossBrowser.ToExecuteMultipleBrowserUsingArray" time="124.159" errors="0" timestamp="2023-02-09T17:53:36 IST" skipped="0">
  <testcase classname="CrossBrowser.ToExecuteMultipleBrowserUsingArray" name="test" time="21.664"/>
  <system-out/>
  <testcase classname="CrossBrowser.ToExecuteMultipleBrowserUsingArray" name="test" time="32.603"/>
  <system-out/>
  <testcase classname="CrossBrowser.ToExecuteMultipleBrowserUsingArray" name="test" time="21.959"/>
  <system-out/>
  <testcase classname="CrossBrowser.ToExecuteMultipleBrowserUsingArray" name="test" time="25.074"/>
  <system-out/>
  <testcase classname="CrossBrowser.ToExecuteMultipleBrowserUsingArray" name="test" time="22.859"/>
  <system-out/>
</testsuite> <!-- CrossBrowser.ToExecuteMultipleBrowserUsingArray -->
