<?xml version="1.0" encoding="UTF-8"?>
<!-- Generated by org.testng.reporters.JUnitReportReporter -->
<testsuite hostname="DESKTOP-P7OORB0" failures="0" tests="3" name="CrossBrowser.DemoWebShopCrossBrowserTesting" time="29.055" errors="0" timestamp="2023-01-11T07:41:27 IST" skipped="0">
  <testcase classname="CrossBrowser.DemoWebShopCrossBrowserTesting" name="DemoWeb" time="11.255"/>
  <system-out>
Demo Web Shop. Register  </system-out>
  <testcase classname="CrossBrowser.DemoWebShopCrossBrowserTesting" name="DemoWeb" time="6.093"/>
  <system-out>
Demo Web Shop. Register  </system-out>
  <testcase classname="CrossBrowser.DemoWebShopCrossBrowserTesting" name="DemoWeb" time="11.707"/>
  <system-out>
Demo Web Shop. Register  </system-out>
</testsuite> <!-- CrossBrowser.DemoWebShopCrossBrowserTesting -->
