<?xml version="1.0" encoding="UTF-8"?>
<!-- Generated by org.testng.reporters.JUnitReportReporter -->
<testsuite hostname="DESKTOP-P7OORB0" failures="0" tests="1" name="GroupTestcaseExecution.TC_002_Bugati" time="5.108" errors="0" timestamp="2023-02-10T14:52:32 IST" skipped="0">
  <testcase classname="GroupTestcaseExecution.TC_002_Bugati" name="Bugati" time="5.108"/>
  <system-out>
Official BUGATTI Automotive Website  </system-out>
</testsuite> <!-- GroupTestcaseExecution.TC_002_Bugati -->
