<?xml version="1.0" encoding="UTF-8"?>
<!-- Generated by org.testng.reporters.JUnitReportReporter -->
<testsuite hostname="DESKTOP-P7OORB0" failures="0" tests="2" name="GroupTestcaseExecution.TC_005_car2" time="30.055" errors="0" timestamp="2023-01-12T17:02:46 IST" skipped="0">
  <testcase classname="GroupTestcaseExecution.TC_005_car2" name="cars" time="14.711"/>
  <system-out>
Mercedes-Benz International: News, Pictures, Videos & Livestreams.  </system-out>
  <testcase classname="GroupTestcaseExecution.TC_005_car2" name="cars" time="15.344"/>
  <system-out>
Mercedes-Benz International: News, Pictures, Videos & Livestreams.  </system-out>
</testsuite> <!-- GroupTestcaseExecution.TC_005_car2 -->
