<?xml version="1.0" encoding="UTF-8"?>
<!-- Generated by org.testng.reporters.JUnitReportReporter -->
<testsuite hostname="DESKTOP-P7OORB0" failures="0" tests="2" name="CrossBrowser.TC_003_Tirumph" time="51.796" errors="0" timestamp="2023-01-10T16:24:08 IST" skipped="0">
  <testcase classname="CrossBrowser.TC_003_Tirumph" name="Tirumph" time="16.575"/>
  <system-out>
Triumph Motorcycles | For the Ride  </system-out>
  <testcase classname="CrossBrowser.TC_003_Tirumph" name="Tirumph" time="35.221"/>
  <system-out>
Triumph Motorcycles | For the Ride  </system-out>
</testsuite> <!-- CrossBrowser.TC_003_Tirumph -->
