<?xml version="1.0" encoding="UTF-8"?>
<!-- Generated by org.testng.reporters.JUnitReportReporter -->
<testsuite hostname="DESKTOP-P7OORB0" failures="0" tests="2" name="CrossBrowser.ActiTimeDataEntryFromExcel" time="17.711" errors="0" timestamp="2023-01-11T17:05:02 IST" skipped="0">
  <testcase classname="CrossBrowser.ActiTimeDataEntryFromExcel" name="test" time="9.857"/>
  <system-out/>
  <testcase classname="CrossBrowser.ActiTimeDataEntryFromExcel" name="test" time="7.854"/>
  <system-out/>
</testsuite> <!-- CrossBrowser.ActiTimeDataEntryFromExcel -->
