<?xml version="1.0" encoding="UTF-8"?>
<!-- Generated by org.testng.reporters.JUnitReportReporter -->
<testsuite hostname="DESKTOP-P7OORB0" failures="0" tests="2" name="CrossBrowser.TC_005_car2" time="19.803" errors="0" timestamp="2023-01-10T16:24:08 IST" skipped="0">
  <testcase classname="CrossBrowser.TC_005_car2" name="cars" time="6.062"/>
  <system-out>
Mercedes-Benz International: News, Pictures, Videos & Livestreams.  </system-out>
  <testcase classname="CrossBrowser.TC_005_car2" name="cars" time="13.741"/>
  <system-out>
Mercedes-Benz International: News, Pictures, Videos & Livestreams.  </system-out>
</testsuite> <!-- CrossBrowser.TC_005_car2 -->
