<?xml version="1.0" encoding="UTF-8"?>
<!-- Generated by org.testng.reporters.JUnitReportReporter -->
<testsuite hostname="DESKTOP-P7OORB0" failures="0" tests="6" name="CrossBrowser.UrlEnteringUsing" time="0.035" errors="0" timestamp="2023-02-09T17:55:08 IST" skipped="0">
  <testcase classname="CrossBrowser.UrlEnteringUsing" name="differntSite" time="0.011"/>
  <system-out/>
  <testcase classname="CrossBrowser.UrlEnteringUsing" name="differntSite" time="0.001"/>
  <system-out/>
  <testcase classname="CrossBrowser.UrlEnteringUsing" name="differntSite" time="0.002"/>
  <system-out/>
  <testcase classname="CrossBrowser.UrlEnteringUsing" name="differntSite" time="0.002"/>
  <system-out/>
  <testcase classname="CrossBrowser.UrlEnteringUsing" name="differntSite" time="0.014"/>
  <system-out/>
  <testcase classname="CrossBrowser.UrlEnteringUsing" name="differntSite" time="0.005"/>
  <system-out/>
</testsuite> <!-- CrossBrowser.UrlEnteringUsing -->
