<?xml version="1.0" encoding="UTF-8"?>
<!-- Generated by org.testng.reporters.JUnitReportReporter -->
<testsuite hostname="DESKTOP-P7OORB0" failures="0" tests="1" name="AssertValidation.ACTiTimeLoginUsingAssert" time="16.241" errors="0" timestamp="2023-01-17T10:08:59 IST" skipped="0">
  <testcase classname="AssertValidation.ACTiTimeLoginUsingAssert" name="LoginPageAsAdmin" time="16.241"/>
  <system-out/>
</testsuite> <!-- AssertValidation.ACTiTimeLoginUsingAssert -->
